# JRE version: OpenJDK Runtime Environment (11.0.11+9) (build 11.0.11+9-Ubuntu-0ubuntu2)
# Java VM: OpenJDK 64-Bit Server VM (11.0.11+9-Ubuntu-0ubuntu2, mixed mode, sharing, tiered, compressed oops, g1 gc, linux-amd64)
Heap:
 garbage-first heap   total 358400K, used 142833K [0x0000000085a00000, 0x0000000100000000)
  region size 1024K, 50 young (51200K), 2 survivors (2048K)
 Metaspace       used 32213K, capacity 33481K, committed 33532K, reserved 1079296K
  class space    used 3556K, capacity 4058K, committed 4092K, reserved 1048576K
GC Heap History (20 events):
Event: 5.051 GC heap before
{Heap before GC invocations=7 (full 0):
 garbage-first heap   total 173056K, used 107832K [0x0000000085a00000, 0x0000000100000000)
  region size 1024K, 75 young (76800K), 10 survivors (10240K)
 Metaspace       used 17712K, capacity 18578K, committed 18688K, reserved 1064960K
  class space    used 1951K, capacity 2222K, committed 2304K, reserved 1048576K
}
Event: 5.079 GC heap after
{Heap after GC invocations=8 (full 0):
 garbage-first heap   total 173056K, used 54666K [0x0000000085a00000, 0x0000000100000000)
  region size 1024K, 10 young (10240K), 10 survivors (10240K)
 Metaspace       used 17712K, capacity 18578K, committed 18688K, reserved 1064960K
  class space    used 1951K, capacity 2222K, committed 2304K, reserved 1048576K
}
Event: 5.562 GC heap before
{Heap before GC invocations=8 (full 0):
 garbage-first heap   total 173056K, used 114058K [0x0000000085a00000, 0x0000000100000000)
  region size 1024K, 67 young (68608K), 10 survivors (10240K)
 Metaspace       used 17733K, capacity 18578K, committed 18688K, reserved 1064960K
  class space    used 1951K, capacity 2222K, committed 2304K, reserved 1048576K
}
Event: 5.592 GC heap after
{Heap after GC invocations=9 (full 0):
 garbage-first heap   total 216064K, used 67272K [0x0000000085a00000, 0x0000000100000000)
  region size 1024K, 9 young (9216K), 9 survivors (9216K)
 Metaspace       used 17733K, capacity 18578K, committed 18688K, reserved 1064960K
  class space    used 1951K, capacity 2222K, committed 2304K, reserved 1048576K
}
Event: 5.753 GC heap before
{Heap before GC invocations=9 (full 0):
 garbage-first heap   total 216064K, used 88776K [0x0000000085a00000, 0x0000000100000000)
  region size 1024K, 23 young (23552K), 9 survivors (9216K)
 Metaspace       used 17746K, capacity 18642K, committed 18944K, reserved 1067008K
  class space    used 1951K, capacity 2222K, committed 2304K, reserved 1048576K
}
Event: 5.771 GC heap after
{Heap after GC invocations=10 (full 0):
 garbage-first heap   total 216064K, used 77235K [0x0000000085a00000, 0x0000000100000000)
  region size 1024K, 2 young (2048K), 2 survivors (2048K)
 Metaspace       used 17746K, capacity 18642K, committed 18944K, reserved 1067008K
  class space    used 1951K, capacity 2222K, committed 2304K, reserved 1048576K
}
Event: 6.228 GC heap before
{Heap before GC invocations=10 (full 0):
 garbage-first heap   total 216064K, used 130483K [0x0000000085a00000, 0x0000000100000000)
  region size 1024K, 54 young (55296K), 2 survivors (2048K)
 Metaspace       used 17752K, capacity 18642K, committed 18944K, reserved 1067008K
  class space    used 1951K, capacity 2222K, committed 2304K, reserved 1048576K
}
Event: 6.245 GC heap after
{Heap after GC invocations=11 (full 0):
 garbage-first heap   total 216064K, used 86728K [0x0000000085a00000, 0x0000000100000000)
  region size 1024K, 7 young (7168K), 7 survivors (7168K)
 Metaspace       used 17752K, capacity 18642K, committed 18944K, reserved 1067008K
  class space    used 1951K, capacity 2222K, committed 2304K, reserved 1048576K
}
Event: 6.351 GC heap before
{Heap before GC invocations=11 (full 0):
 garbage-first heap   total 216064K, used 99016K [0x0000000085a00000, 0x0000000100000000)
  region size 1024K, 16 young (16384K), 7 survivors (7168K)
 Metaspace       used 17754K, capacity 18642K, committed 18944K, reserved 1067008K
  class space    used 1951K, capacity 2222K, committed 2304K, reserved 1048576K
}
Event: 6.367 GC heap after
{Heap after GC invocations=12 (full 0):
 garbage-first heap   total 216064K, used 91085K [0x0000000085a00000, 0x0000000100000000)
  region size 1024K, 2 young (2048K), 2 survivors (2048K)
 Metaspace       used 17754K, capacity 18642K, committed 18944K, reserved 1067008K
  class space    used 1951K, capacity 2222K, committed 2304K, reserved 1048576K
}
Event: 6.630 GC heap before
{Heap before GC invocations=12 (full 0):
 garbage-first heap   total 216064K, used 136141K [0x0000000085a00000, 0x0000000100000000)
  region size 1024K, 46 young (47104K), 2 survivors (2048K)
 Metaspace       used 17755K, capacity 18642K, committed 18944K, reserved 1067008K
  class space    used 1951K, capacity 2222K, committed 2304K, reserved 1048576K
}
Event: 6.652 GC heap after
{Heap after GC invocations=13 (full 0):
 garbage-first heap   total 282624K, used 99254K [0x0000000085a00000, 0x0000000100000000)
  region size 1024K, 6 young (6144K), 6 survivors (6144K)
 Metaspace       used 17755K, capacity 18642K, committed 18944K, reserved 1067008K
  class space    used 1951K, capacity 2222K, committed 2304K, reserved 1048576K
}
Event: 7.011 GC heap before
{Heap before GC invocations=13 (full 0):
 garbage-first heap   total 282624K, used 134070K [0x0000000085a00000, 0x0000000100000000)
  region size 1024K, 37 young (37888K), 6 survivors (6144K)
 Metaspace       used 18177K, capacity 18919K, committed 19200K, reserved 1067008K
  class space    used 2003K, capacity 2252K, committed 2304K, reserved 1048576K
}
Event: 7.028 GC heap after
{Heap after GC invocations=14 (full 0):
 garbage-first heap   total 282624K, used 107853K [0x0000000085a00000, 0x0000000100000000)
  region size 1024K, 5 young (5120K), 5 survivors (5120K)
 Metaspace       used 18177K, capacity 18919K, committed 19200K, reserved 1067008K
  class space    used 2003K, capacity 2252K, committed 2304K, reserved 1048576K
}
Event: 8.117 GC heap before
{Heap before GC invocations=14 (full 0):
 garbage-first heap   total 282624K, used 163149K [0x0000000085a00000, 0x0000000100000000)
  region size 1024K, 58 young (59392K), 5 survivors (5120K)
 Metaspace       used 20521K, capacity 21104K, committed 21248K, reserved 1069056K
  class space    used 2268K, capacity 2488K, committed 2560K, reserved 1048576K
}
Event: 8.134 GC heap after
{Heap after GC invocations=15 (full 0):
 garbage-first heap   total 282624K, used 115186K [0x0000000085a00000, 0x0000000100000000)
  region size 1024K, 7 young (7168K), 7 survivors (7168K)
 Metaspace       used 20521K, capacity 21104K, committed 21248K, reserved 1069056K
  class space    used 2268K, capacity 2488K, committed 2560K, reserved 1048576K
}
Event: 10.985 GC heap before
{Heap before GC invocations=16 (full 0):
 garbage-first heap   total 282624K, used 155122K [0x0000000085a00000, 0x0000000100000000)
  region size 1024K, 71 young (72704K), 7 survivors (7168K)
 Metaspace       used 28882K, capacity 29790K, committed 29948K, reserved 1075200K
  class space    used 3174K, capacity 3506K, committed 3580K, reserved 1048576K
}
Event: 11.006 GC heap after
{Heap after GC invocations=17 (full 0):
 garbage-first heap   total 282624K, used 104025K [0x0000000085a00000, 0x0000000100000000)
  region size 1024K, 9 young (9216K), 9 survivors (9216K)
 Metaspace       used 28882K, capacity 29790K, committed 29948K, reserved 1075200K
  class space    used 3174K, capacity 3506K, committed 3580K, reserved 1048576K
}
Event: 11.142 GC heap before
{Heap before GC invocations=17 (full 0):
 garbage-first heap   total 282624K, used 108121K [0x0000000085a00000, 0x0000000100000000)
  region size 1024K, 13 young (13312K), 9 survivors (9216K)
 Metaspace       used 28962K, capacity 29888K, committed 30204K, reserved 1075200K
  class space    used 3180K, capacity 3538K, committed 3580K, reserved 1048576K
}
Event: 11.157 GC heap after
{Heap after GC invocations=18 (full 0):
 garbage-first heap   total 358400K, used 92657K [0x0000000085a00000, 0x0000000100000000)
  region size 1024K, 2 young (2048K), 2 survivors (2048K)
 Metaspace       used 28962K, capacity 29888K, committed 30204K, reserved 1075200K
  class space    used 3180K, capacity 3538K, committed 3580K, reserved 1048576K
}

